2022/02/11 17:03:27 [notice] 1#1: using the "epoll" event method
2022/02/11 17:03:27 [notice] 1#1: nginx/1.21.6
2022/02/11 17:03:27 [notice] 1#1: built by gcc 10.2.1 20210110 (Debian 10.2.1-6) 
2022/02/11 17:03:27 [notice] 1#1: OS: Linux 5.10.76-linuxkit
2022/02/11 17:03:27 [notice] 1#1: getrlimit(RLIMIT_NOFILE): 1048576:1048576
2022/02/11 17:03:27 [notice] 1#1: start worker processes
2022/02/11 17:03:27 [notice] 1#1: start worker process 22
2022/02/11 17:03:27 [notice] 1#1: start worker process 23
2022/02/11 17:05:01 [error] 23#23: *2 open() "/var/www/hello.test/favicon.ico" failed (2: No such file or directory), client: 172.25.0.1, server: hello.test, request: "GET /favicon.ico HTTP/1.1", host: "127.0.0.1:8000", referrer: "http://127.0.0.1:8000/"
2022/02/11 17:05:46 [error] 23#23: *2 open() "/var/www/hello.test/phpmyadmin" failed (2: No such file or directory), client: 172.25.0.1, server: hello.test, request: "GET /phpmyadmin HTTP/1.1", host: "127.0.0.1:8000"
2022/02/11 17:07:22 [notice] 1#1: signal 3 (SIGQUIT) received, shutting down
2022/02/11 17:07:22 [notice] 23#23: gracefully shutting down
2022/02/11 17:07:22 [notice] 23#23: exiting
2022/02/11 17:07:22 [notice] 22#22: gracefully shutting down
2022/02/11 17:07:22 [notice] 23#23: exit
2022/02/11 17:07:22 [notice] 22#22: exiting
2022/02/11 17:07:22 [notice] 22#22: exit
2022/02/11 17:07:22 [notice] 1#1: signal 17 (SIGCHLD) received from 22
2022/02/11 17:07:22 [notice] 1#1: worker process 22 exited with code 0
2022/02/11 17:07:22 [notice] 1#1: worker process 23 exited with code 0
2022/02/11 17:07:22 [notice] 1#1: exit
2022/02/11 17:07:25 [notice] 1#1: using the "epoll" event method
2022/02/11 17:07:25 [notice] 1#1: nginx/1.21.6
2022/02/11 17:07:25 [notice] 1#1: built by gcc 10.2.1 20210110 (Debian 10.2.1-6) 
2022/02/11 17:07:25 [notice] 1#1: OS: Linux 5.10.76-linuxkit
2022/02/11 17:07:25 [notice] 1#1: getrlimit(RLIMIT_NOFILE): 1048576:1048576
2022/02/11 17:07:25 [notice] 1#1: start worker processes
2022/02/11 17:07:25 [notice] 1#1: start worker process 22
2022/02/11 17:07:25 [notice] 1#1: start worker process 23
2022/02/11 17:07:35 [notice] 1#1: signal 3 (SIGQUIT) received, shutting down
2022/02/11 17:07:35 [notice] 22#22: gracefully shutting down
2022/02/11 17:07:35 [notice] 22#22: exiting
2022/02/11 17:07:35 [notice] 23#23: gracefully shutting down
2022/02/11 17:07:35 [notice] 23#23: exiting
2022/02/11 17:07:35 [notice] 22#22: exit
2022/02/11 17:07:35 [notice] 23#23: exit
2022/02/11 17:07:35 [notice] 1#1: signal 17 (SIGCHLD) received from 22
2022/02/11 17:07:35 [notice] 1#1: worker process 22 exited with code 0
2022/02/11 17:07:35 [notice] 1#1: worker process 23 exited with code 0
2022/02/11 17:07:35 [notice] 1#1: exit
2022/02/11 17:07:48 [notice] 1#1: using the "epoll" event method
2022/02/11 17:07:48 [notice] 1#1: nginx/1.21.6
2022/02/11 17:07:48 [notice] 1#1: built by gcc 10.2.1 20210110 (Debian 10.2.1-6) 
2022/02/11 17:07:48 [notice] 1#1: OS: Linux 5.10.76-linuxkit
2022/02/11 17:07:48 [notice] 1#1: getrlimit(RLIMIT_NOFILE): 1048576:1048576
2022/02/11 17:07:48 [notice] 1#1: start worker processes
2022/02/11 17:07:48 [notice] 1#1: start worker process 22
2022/02/11 17:07:48 [notice] 1#1: start worker process 23
2022/02/11 17:08:09 [notice] 1#1: signal 3 (SIGQUIT) received, shutting down
2022/02/11 17:08:09 [notice] 22#22: gracefully shutting down
2022/02/11 17:08:09 [notice] 22#22: exiting
2022/02/11 17:08:09 [notice] 23#23: gracefully shutting down
2022/02/11 17:08:09 [notice] 22#22: exit
2022/02/11 17:08:09 [notice] 23#23: exiting
2022/02/11 17:08:09 [notice] 23#23: exit
2022/02/11 17:08:09 [notice] 1#1: signal 17 (SIGCHLD) received from 22
2022/02/11 17:08:09 [notice] 1#1: worker process 22 exited with code 0
2022/02/11 17:08:09 [notice] 1#1: signal 29 (SIGIO) received
2022/02/11 17:08:09 [notice] 1#1: signal 17 (SIGCHLD) received from 23
2022/02/11 17:08:09 [notice] 1#1: worker process 23 exited with code 0
2022/02/11 17:08:09 [notice] 1#1: exit
2022/02/11 18:09:46 [notice] 1#1: using the "epoll" event method
2022/02/11 18:09:46 [notice] 1#1: nginx/1.21.6
2022/02/11 18:09:46 [notice] 1#1: built by gcc 10.2.1 20210110 (Debian 10.2.1-6) 
2022/02/11 18:09:46 [notice] 1#1: OS: Linux 5.10.76-linuxkit
2022/02/11 18:09:46 [notice] 1#1: getrlimit(RLIMIT_NOFILE): 1048576:1048576
2022/02/11 18:09:46 [notice] 1#1: start worker processes
2022/02/11 18:09:46 [notice] 1#1: start worker process 22
2022/02/11 18:09:46 [notice] 1#1: start worker process 23
2022/02/11 18:09:53 [error] 22#22: *2 open() "/var/www/hello.test/favicon.ico" failed (2: No such file or directory), client: 172.27.0.1, server: hello.test, request: "GET /favicon.ico HTTP/1.1", host: "localhost:8000", referrer: "http://localhost:8000/"
2022/02/11 18:10:05 [notice] 1#1: signal 3 (SIGQUIT) received, shutting down
2022/02/11 18:10:05 [notice] 22#22: gracefully shutting down
2022/02/11 18:10:05 [notice] 23#23: gracefully shutting down
2022/02/11 18:10:05 [notice] 23#23: exiting
2022/02/11 18:10:05 [notice] 23#23: exit
2022/02/11 18:10:05 [notice] 1#1: signal 17 (SIGCHLD) received from 23
2022/02/11 18:10:05 [notice] 1#1: worker process 23 exited with code 0
2022/02/11 18:10:05 [notice] 1#1: signal 29 (SIGIO) received
2022/02/11 18:13:52 [notice] 1#1: using the "epoll" event method
2022/02/11 18:13:52 [notice] 1#1: nginx/1.21.6
2022/02/11 18:13:52 [notice] 1#1: built by gcc 10.2.1 20210110 (Debian 10.2.1-6) 
2022/02/11 18:13:52 [notice] 1#1: OS: Linux 5.10.76-linuxkit
2022/02/11 18:13:52 [notice] 1#1: getrlimit(RLIMIT_NOFILE): 1048576:1048576
2022/02/11 18:13:52 [notice] 1#1: start worker processes
2022/02/11 18:13:52 [notice] 1#1: start worker process 22
2022/02/11 18:13:52 [notice] 1#1: start worker process 23
2022/02/11 18:20:01 [notice] 1#1: signal 3 (SIGQUIT) received, shutting down
2022/02/11 18:20:01 [notice] 23#23: gracefully shutting down
2022/02/11 18:20:01 [notice] 22#22: gracefully shutting down
2022/02/11 18:20:01 [notice] 23#23: exiting
2022/02/11 18:20:01 [notice] 22#22: exiting
2022/02/11 18:20:01 [notice] 23#23: exit
2022/02/11 18:20:01 [notice] 22#22: exit
2022/02/11 18:20:01 [notice] 1#1: signal 17 (SIGCHLD) received from 23
2022/02/11 18:20:01 [notice] 1#1: worker process 23 exited with code 0
2022/02/11 18:20:01 [notice] 1#1: signal 29 (SIGIO) received
2022/02/11 18:20:01 [notice] 1#1: signal 17 (SIGCHLD) received from 22
2022/02/11 18:20:01 [notice] 1#1: worker process 22 exited with code 0
2022/02/11 18:20:01 [notice] 1#1: exit
2022/02/11 18:24:47 [notice] 1#1: using the "epoll" event method
2022/02/11 18:24:47 [notice] 1#1: nginx/1.21.6
2022/02/11 18:24:47 [notice] 1#1: built by gcc 10.2.1 20210110 (Debian 10.2.1-6) 
2022/02/11 18:24:47 [notice] 1#1: OS: Linux 5.10.76-linuxkit
2022/02/11 18:24:47 [notice] 1#1: getrlimit(RLIMIT_NOFILE): 1048576:1048576
2022/02/11 18:24:47 [notice] 1#1: start worker processes
2022/02/11 18:24:47 [notice] 1#1: start worker process 23
2022/02/11 18:24:47 [notice] 1#1: start worker process 24
2022/02/11 18:24:59 [notice] 1#1: signal 3 (SIGQUIT) received, shutting down
2022/02/11 18:24:59 [notice] 23#23: gracefully shutting down
2022/02/11 18:24:59 [notice] 23#23: exiting
2022/02/11 18:24:59 [notice] 24#24: gracefully shutting down
2022/02/11 18:24:59 [notice] 24#24: exiting
2022/02/11 18:24:59 [notice] 23#23: exit
2022/02/11 18:24:59 [notice] 24#24: exit
2022/02/11 18:24:59 [notice] 1#1: signal 17 (SIGCHLD) received from 23
2022/02/11 18:24:59 [notice] 1#1: worker process 23 exited with code 0
2022/02/11 18:24:59 [notice] 1#1: signal 29 (SIGIO) received
2022/02/11 18:24:59 [notice] 1#1: signal 17 (SIGCHLD) received from 24
2022/02/11 18:24:59 [notice] 1#1: worker process 24 exited with code 0
2022/02/11 18:24:59 [notice] 1#1: exit
2022/02/11 18:25:43 [notice] 1#1: using the "epoll" event method
2022/02/11 18:25:43 [notice] 1#1: nginx/1.21.6
2022/02/11 18:25:43 [notice] 1#1: built by gcc 10.2.1 20210110 (Debian 10.2.1-6) 
2022/02/11 18:25:43 [notice] 1#1: OS: Linux 5.10.76-linuxkit
2022/02/11 18:25:43 [notice] 1#1: getrlimit(RLIMIT_NOFILE): 1048576:1048576
2022/02/11 18:25:43 [notice] 1#1: start worker processes
2022/02/11 18:25:43 [notice] 1#1: start worker process 22
2022/02/11 18:25:43 [notice] 1#1: start worker process 23
2022/02/11 18:30:27 [notice] 1#1: signal 3 (SIGQUIT) received, shutting down
2022/02/11 18:30:27 [notice] 22#22: gracefully shutting down
2022/02/11 18:30:27 [notice] 22#22: exiting
2022/02/11 18:30:27 [notice] 23#23: gracefully shutting down
2022/02/11 18:30:27 [notice] 23#23: exiting
2022/02/11 18:30:27 [notice] 22#22: exit
2022/02/11 18:30:27 [notice] 23#23: exit
2022/02/11 18:30:27 [notice] 1#1: signal 17 (SIGCHLD) received from 23
2022/02/11 18:30:27 [notice] 1#1: worker process 23 exited with code 0
2022/02/11 18:30:27 [notice] 1#1: signal 29 (SIGIO) received
2022/02/11 18:30:27 [notice] 1#1: signal 17 (SIGCHLD) received from 22
2022/02/11 18:30:27 [notice] 1#1: worker process 22 exited with code 0
2022/02/11 18:30:27 [notice] 1#1: exit
2022/02/11 18:30:38 [notice] 1#1: using the "epoll" event method
2022/02/11 18:30:38 [notice] 1#1: nginx/1.21.6
2022/02/11 18:30:38 [notice] 1#1: built by gcc 10.2.1 20210110 (Debian 10.2.1-6) 
2022/02/11 18:30:38 [notice] 1#1: OS: Linux 5.10.76-linuxkit
2022/02/11 18:30:38 [notice] 1#1: getrlimit(RLIMIT_NOFILE): 1048576:1048576
2022/02/11 18:30:38 [notice] 1#1: start worker processes
2022/02/11 18:30:38 [notice] 1#1: start worker process 22
2022/02/11 18:30:38 [notice] 1#1: start worker process 23
2022/02/11 18:30:47 [error] 23#23: *2 directory index of "/var/www/html/" is forbidden, client: 172.31.0.1, server: hello.test, request: "GET / HTTP/1.1", host: "localhost:8000"
2022/02/11 18:31:21 [error] 22#22: *4 directory index of "/var/www/html/" is forbidden, client: 172.31.0.1, server: hello.test, request: "GET / HTTP/1.1", host: "127.0.0.1:8000"
2022/02/11 18:31:50 [notice] 1#1: signal 3 (SIGQUIT) received, shutting down
2022/02/11 18:31:50 [notice] 23#23: gracefully shutting down
2022/02/11 18:31:50 [notice] 22#22: gracefully shutting down
2022/02/11 18:31:50 [notice] 22#22: exiting
2022/02/11 18:31:50 [notice] 22#22: exit
2022/02/11 18:31:50 [notice] 1#1: signal 17 (SIGCHLD) received from 22
2022/02/11 18:31:50 [notice] 1#1: worker process 22 exited with code 0
2022/02/11 18:31:50 [notice] 1#1: signal 29 (SIGIO) received
2022/02/11 18:32:10 [notice] 1#1: using the "epoll" event method
2022/02/11 18:32:10 [notice] 1#1: nginx/1.21.6
2022/02/11 18:32:10 [notice] 1#1: built by gcc 10.2.1 20210110 (Debian 10.2.1-6) 
2022/02/11 18:32:10 [notice] 1#1: OS: Linux 5.10.76-linuxkit
2022/02/11 18:32:10 [notice] 1#1: getrlimit(RLIMIT_NOFILE): 1048576:1048576
2022/02/11 18:32:10 [notice] 1#1: start worker processes
2022/02/11 18:32:10 [notice] 1#1: start worker process 22
2022/02/11 18:32:10 [notice] 1#1: start worker process 23
2022/02/11 18:32:15 [error] 22#22: *1 directory index of "/var/www/html/" is forbidden, client: 192.168.0.1, server: hello.test, request: "GET / HTTP/1.1", host: "localhost:8000"
2022/02/11 18:32:16 [error] 22#22: *1 directory index of "/var/www/html/" is forbidden, client: 192.168.0.1, server: hello.test, request: "GET / HTTP/1.1", host: "localhost:8000"
2022/02/11 18:32:42 [notice] 1#1: signal 3 (SIGQUIT) received, shutting down
2022/02/11 18:32:42 [notice] 22#22: gracefully shutting down
2022/02/11 18:32:42 [notice] 23#23: gracefully shutting down
2022/02/11 18:32:42 [notice] 22#22: exiting
2022/02/11 18:32:42 [notice] 22#22: exit
2022/02/11 18:32:42 [notice] 1#1: signal 17 (SIGCHLD) received from 22
2022/02/11 18:32:42 [notice] 1#1: worker process 22 exited with code 0
2022/02/11 18:32:42 [notice] 1#1: signal 29 (SIGIO) received
2022/02/11 18:32:56 [emerg] 1#1: host not found in upstream "php" in /etc/nginx/conf.d/hello-test.conf:11
2022/02/11 18:35:25 [notice] 1#1: using the "epoll" event method
2022/02/11 18:35:25 [notice] 1#1: nginx/1.21.6
2022/02/11 18:35:25 [notice] 1#1: built by gcc 10.2.1 20210110 (Debian 10.2.1-6) 
2022/02/11 18:35:25 [notice] 1#1: OS: Linux 5.10.76-linuxkit
2022/02/11 18:35:25 [notice] 1#1: getrlimit(RLIMIT_NOFILE): 1048576:1048576
2022/02/11 18:35:25 [notice] 1#1: start worker processes
2022/02/11 18:35:25 [notice] 1#1: start worker process 22
2022/02/11 18:35:25 [notice] 1#1: start worker process 23
2022/02/11 18:40:08 [notice] 1#1: signal 3 (SIGQUIT) received, shutting down
2022/02/11 18:40:08 [notice] 23#23: gracefully shutting down
2022/02/11 18:40:08 [notice] 22#22: gracefully shutting down
2022/02/11 18:40:08 [notice] 23#23: exiting
2022/02/11 18:40:08 [notice] 22#22: exiting
2022/02/11 18:40:08 [notice] 23#23: exit
2022/02/11 18:40:08 [notice] 22#22: exit
2022/02/11 18:40:08 [notice] 1#1: signal 17 (SIGCHLD) received from 23
2022/02/11 18:40:08 [notice] 1#1: worker process 23 exited with code 0
2022/02/11 18:40:08 [notice] 1#1: signal 29 (SIGIO) received
2022/02/11 18:40:08 [notice] 1#1: signal 17 (SIGCHLD) received from 22
2022/02/11 18:40:08 [notice] 1#1: worker process 22 exited with code 0
2022/02/11 18:40:08 [notice] 1#1: exit
2022/02/11 18:40:24 [notice] 1#1: using the "epoll" event method
2022/02/11 18:40:24 [notice] 1#1: nginx/1.21.6
2022/02/11 18:40:24 [notice] 1#1: built by gcc 10.2.1 20210110 (Debian 10.2.1-6) 
2022/02/11 18:40:24 [notice] 1#1: OS: Linux 5.10.76-linuxkit
2022/02/11 18:40:24 [notice] 1#1: getrlimit(RLIMIT_NOFILE): 1048576:1048576
2022/02/11 18:40:24 [notice] 1#1: start worker processes
2022/02/11 18:40:24 [notice] 1#1: start worker process 22
2022/02/11 18:40:24 [notice] 1#1: start worker process 23
2022/02/11 18:40:43 [notice] 1#1: signal 3 (SIGQUIT) received, shutting down
2022/02/11 18:40:43 [notice] 22#22: gracefully shutting down
2022/02/11 18:40:43 [notice] 23#23: gracefully shutting down
2022/02/11 18:40:43 [notice] 23#23: exiting
2022/02/11 18:40:43 [notice] 23#23: exit
2022/02/11 18:40:43 [notice] 1#1: signal 17 (SIGCHLD) received from 23
2022/02/11 18:40:43 [notice] 1#1: worker process 23 exited with code 0
2022/02/11 18:40:43 [notice] 1#1: signal 29 (SIGIO) received
2022/02/11 18:42:19 [notice] 1#1: using the "epoll" event method
2022/02/11 18:42:19 [notice] 1#1: nginx/1.21.6
2022/02/11 18:42:19 [notice] 1#1: built by gcc 10.2.1 20210110 (Debian 10.2.1-6) 
2022/02/11 18:42:19 [notice] 1#1: OS: Linux 5.10.76-linuxkit
2022/02/11 18:42:19 [notice] 1#1: getrlimit(RLIMIT_NOFILE): 1048576:1048576
2022/02/11 18:42:19 [notice] 1#1: start worker processes
2022/02/11 18:42:19 [notice] 1#1: start worker process 22
2022/02/11 18:42:19 [notice] 1#1: start worker process 23
2022/02/11 18:44:21 [notice] 1#1: signal 3 (SIGQUIT) received, shutting down
2022/02/11 18:44:21 [notice] 23#23: gracefully shutting down
2022/02/11 18:44:21 [notice] 23#23: exiting
2022/02/11 18:44:21 [notice] 22#22: gracefully shutting down
2022/02/11 18:44:21 [notice] 23#23: exit
2022/02/11 18:44:21 [notice] 22#22: exiting
2022/02/11 18:44:21 [notice] 22#22: exit
2022/02/11 18:44:21 [notice] 1#1: signal 17 (SIGCHLD) received from 23
2022/02/11 18:44:21 [notice] 1#1: worker process 23 exited with code 0
2022/02/11 18:44:21 [notice] 1#1: signal 29 (SIGIO) received
2022/02/11 18:44:21 [notice] 1#1: signal 17 (SIGCHLD) received from 22
2022/02/11 18:44:21 [notice] 1#1: worker process 22 exited with code 0
2022/02/11 18:44:21 [notice] 1#1: exit
2022/02/11 18:44:33 [notice] 1#1: using the "epoll" event method
2022/02/11 18:44:33 [notice] 1#1: nginx/1.21.6
2022/02/11 18:44:33 [notice] 1#1: built by gcc 10.2.1 20210110 (Debian 10.2.1-6) 
2022/02/11 18:44:33 [notice] 1#1: OS: Linux 5.10.76-linuxkit
2022/02/11 18:44:33 [notice] 1#1: getrlimit(RLIMIT_NOFILE): 1048576:1048576
2022/02/11 18:44:33 [notice] 1#1: start worker processes
